app/build/intermediates/manifest_merge_blame_file/debug/manifest-merger-blame-debug-report.txt
1<?xml version="1.0" encoding="utf-8"?>
2<manifest xmlns:android="http://schemas.android.com/apk/res/android"
3    package="com.example.android.miwok"
4    android:versionCode="1"
5    android:versionName="1.0" >
6
7    <uses-sdk
8        android:minSdkVersion="16"
8-->src\main\AndroidManifest.xml
9        android:targetSdkVersion="23" />
9-->src\main\AndroidManifest.xml
10
11    <application
11-->src\main\AndroidManifest.xml:6:5-54:19
12        android:allowBackup="true"
12-->src\main\AndroidManifest.xml:7:9-35
13        android:debuggable="true"
14        android:icon="@mipmap/ic_launcher"
14-->src\main\AndroidManifest.xml:8:9-43
15        android:label="@string/app_name"
15-->src\main\AndroidManifest.xml:9:9-41
16        android:supportsRtl="true"
16-->src\main\AndroidManifest.xml:10:9-35
17        android:testOnly="true"
18        android:theme="@style/AppTheme" >
18-->src\main\AndroidManifest.xml:11:9-40
19        <activity android:name="com.example.android.miwok.MainActivity" >
19-->src\main\AndroidManifest.xml:12:9-17:20
19-->src\main\AndroidManifest.xml:12:19-47
20            <intent-filter>
20-->src\main\AndroidManifest.xml:13:13-16:29
21                <action android:name="android.intent.action.MAIN" />
21-->src\main\AndroidManifest.xml:14:17-69
21-->src\main\AndroidManifest.xml:14:25-66
22
23                <category android:name="android.intent.category.LAUNCHER" />
23-->src\main\AndroidManifest.xml:15:17-77
23-->src\main\AndroidManifest.xml:15:27-74
24            </intent-filter>
25        </activity>
26        <activity
26-->src\main\AndroidManifest.xml:18:9-26:20
27            android:name="com.example.android.miwok.NumbersActivity"
27-->src\main\AndroidManifest.xml:19:13-44
28            android:label="@string/category_numbers"
28-->src\main\AndroidManifest.xml:20:13-53
29            android:parentActivityName="com.example.android.miwok.MainActivity" >
29-->src\main\AndroidManifest.xml:21:13-55
30
31            <!-- Parent activity meta-data to support 4.0 and lower -->
32            <meta-data
32-->src\main\AndroidManifest.xml:23:13-25:48
33                android:name="android.support.PARENT_ACTIVITY"
33-->src\main\AndroidManifest.xml:24:17-63
34                android:value=".MainActivity" />
34-->src\main\AndroidManifest.xml:25:17-46
35        </activity>
36        <activity
36-->src\main\AndroidManifest.xml:27:9-35:20
37            android:name="com.example.android.miwok.FamilyActivity"
37-->src\main\AndroidManifest.xml:28:13-43
38            android:label="@string/category_family"
38-->src\main\AndroidManifest.xml:29:13-52
39            android:parentActivityName="com.example.android.miwok.MainActivity" >
39-->src\main\AndroidManifest.xml:30:13-55
40
41            <!-- Parent activity meta-data to support 4.0 and lower -->
42            <meta-data
42-->src\main\AndroidManifest.xml:23:13-25:48
43                android:name="android.support.PARENT_ACTIVITY"
43-->src\main\AndroidManifest.xml:24:17-63
44                android:value=".MainActivity" />
44-->src\main\AndroidManifest.xml:25:17-46
45        </activity>
46        <activity
46-->src\main\AndroidManifest.xml:36:9-44:20
47            android:name="com.example.android.miwok.ColorsActivity"
47-->src\main\AndroidManifest.xml:37:13-43
48            android:label="@string/category_colors"
48-->src\main\AndroidManifest.xml:38:13-52
49            android:parentActivityName="com.example.android.miwok.MainActivity" >
49-->src\main\AndroidManifest.xml:39:13-55
50
51            <!-- Parent activity meta-data to support 4.0 and lower -->
52            <meta-data
52-->src\main\AndroidManifest.xml:23:13-25:48
53                android:name="android.support.PARENT_ACTIVITY"
53-->src\main\AndroidManifest.xml:24:17-63
54                android:value=".MainActivity" />
54-->src\main\AndroidManifest.xml:25:17-46
55        </activity>
56        <activity
56-->src\main\AndroidManifest.xml:45:9-53:20
57            android:name="com.example.android.miwok.PhrasesActivity"
57-->src\main\AndroidManifest.xml:46:13-44
58            android:label="@string/category_phrases"
58-->src\main\AndroidManifest.xml:47:13-53
59            android:parentActivityName="com.example.android.miwok.MainActivity" >
59-->src\main\AndroidManifest.xml:48:13-55
60
61            <!-- Parent activity meta-data to support 4.0 and lower -->
62            <meta-data
62-->src\main\AndroidManifest.xml:23:13-25:48
63                android:name="android.support.PARENT_ACTIVITY"
63-->src\main\AndroidManifest.xml:24:17-63
64                android:value=".MainActivity" />
64-->src\main\AndroidManifest.xml:25:17-46
65        </activity>
66    </application>
67
68</manifest>